----------------------------------------------------------------------
Beginning MPAS-init_atmosphere Output Log File for task       0 of      96
    Opened at 2020/11/12 06:17:23
----------------------------------------------------------------------

 
 Using default double-precision reals
 
 Reading namelist from file namelist.init_atmosphere
 Reading streams configuration from file streams.init_atmosphere
 Found mesh stream with filename template /raid52/yycheng/MPAS/92-25km_VR/ea.static.nc
 Using default io_type for mesh stream
  ** Attempting to bootstrap MPAS framework using stream: input
 Bootstrapping framework with mesh fields from input file '/raid52/yycheng/MPAS/92-25km_VR/ea.static.nc'
  * Requested field lbc_scalars is deactivated due to packages, or is a scratch variable.
  * Requested field lbc_u is deactivated due to packages, or is a scratch variable.
  * Requested field lbc_w is deactivated due to packages, or is a scratch variable.
  * Requested field lbc_rho is deactivated due to packages, or is a scratch variable.
  * Requested field lbc_theta is deactivated due to packages, or is a scratch variable.
 
Parsing run-time I/O configuration from streams.init_atmosphere ...
 
 -----  found immutable stream "input" in streams.init_atmosphere  -----
         filename template:  /raid52/yycheng/MPAS/92-25km_VR/ea.static.nc
         filename interval:  none
         direction:          input
         reference time:     initial_time
         record interval:    -
         input alarm:        initial_only
 
 -----  found immutable stream "output" in streams.init_atmosphere  -----
         filename template:  /m2data2/yycheng/data_stage/MPAS/92-25km_variable/ea.testsfc.nc
         filename interval:  none
         direction:          output
         reference time:     initial_time
         record interval:    -
         output alarm:       initial_only
         package:            initial_conds

 
 -----  found immutable stream "surface" in streams.init_atmosphere  -----
         filename template:  /m2data2/yycheng/data_stage/MPAS/92-25km_variable/ea.sfc_update_4to8.nc
         filename interval:  none
         direction:          output
         reference time:     initial_time
         record interval:    -
         output alarm:       86400
         package:            sfc_update

 
 -----  found immutable stream "lbc" in streams.init_atmosphere  -----
         filename template:  lbc.$Y-$M-$D_$h.$m.$s.nc
         filename interval:  3:00:00
         direction:          output
         reference time:     initial_time
         record interval:    -
         output alarm:       3:00:00
         package:            lbcs

 
 ----- done parsing run-time I/O from streams.init_atmosphere -----

  ** Validating streams
 
 
 Reading dimensions from input streams ...
 
 ----- reading dimensions from stream 'input' using file /raid52/yycheng/MPAS/92-25km_VR/ea.static.nc
        nCells = 163842
        nEdges = 491520
        nVertices = 327680
        TWO = 2
        maxEdges = 10
        maxEdges2 = 20
        vertexDegree = 3
        R3 = 3
        nMonths = 12
        FIFTEEN = 15
        TWENTYONE = 21
 
 ----- done reading dimensions from input streams -----
 
 
 Processing decomposed dimensions ...
 
  ----- done processing decomposed dimensions -----
 
 
 Assigning remaining dimensions from definitions in Registry.xml ...
        THREE = 3
        nVertLevels = 55 (config_nvertlevels)
        nSoilLevels = 4 (config_nsoillevels)
        nFGLevels = 38 (config_nfglevels)
        nFGSoilLevels = 4 (config_nfgsoillevels)
        nVertLevelsP1 = 56
 
  ----- done assigning dimensions from Registry.xml -----
 
 
 real-data surface (SST) update test case
 Processing file /raid52/yycheng/MPAS/92-25km_VR/ungrib/SST::2003-04-01_00
 Processing file /raid52/yycheng/MPAS/92-25km_VR/ungrib/SST::2003-04-02_00
 Processing file /raid52/yycheng/MPAS/92-25km_VR/ungrib/SST::2003-04-03_00
 Processing file /raid52/yycheng/MPAS/92-25km_VR/ungrib/SST::2003-04-04_00
 Processing file /raid52/yycheng/MPAS/92-25km_VR/ungrib/SST::2003-04-05_00
 Processing file /raid52/yycheng/MPAS/92-25km_VR/ungrib/SST::2003-04-06_00
 Processing file /raid52/yycheng/MPAS/92-25km_VR/ungrib/SST::2003-04-07_00
 Processing file /raid52/yycheng/MPAS/92-25km_VR/ungrib/SST::2003-04-08_00
 Processing file /raid52/yycheng/MPAS/92-25km_VR/ungrib/SST::2003-04-09_00
 Processing file /raid52/yycheng/MPAS/92-25km_VR/ungrib/SST::2003-04-10_00
 Processing file /raid52/yycheng/MPAS/92-25km_VR/ungrib/SST::2003-04-11_00
 Processing file /raid52/yycheng/MPAS/92-25km_VR/ungrib/SST::2003-04-12_00
 Processing file /raid52/yycheng/MPAS/92-25km_VR/ungrib/SST::2003-04-13_00
 Processing file /raid52/yycheng/MPAS/92-25km_VR/ungrib/SST::2003-04-14_00
 Processing file /raid52/yycheng/MPAS/92-25km_VR/ungrib/SST::2003-04-15_00
 Processing file /raid52/yycheng/MPAS/92-25km_VR/ungrib/SST::2003-04-16_00
 Processing file /raid52/yycheng/MPAS/92-25km_VR/ungrib/SST::2003-04-17_00
 Processing file /raid52/yycheng/MPAS/92-25km_VR/ungrib/SST::2003-04-18_00
 Processing file /raid52/yycheng/MPAS/92-25km_VR/ungrib/SST::2003-04-19_00
 Processing file /raid52/yycheng/MPAS/92-25km_VR/ungrib/SST::2003-04-20_00
 Processing file /raid52/yycheng/MPAS/92-25km_VR/ungrib/SST::2003-04-21_00
 Processing file /raid52/yycheng/MPAS/92-25km_VR/ungrib/SST::2003-04-22_00
 Processing file /raid52/yycheng/MPAS/92-25km_VR/ungrib/SST::2003-04-23_00
 Processing file /raid52/yycheng/MPAS/92-25km_VR/ungrib/SST::2003-04-24_00
 Processing file /raid52/yycheng/MPAS/92-25km_VR/ungrib/SST::2003-04-25_00
 Processing file /raid52/yycheng/MPAS/92-25km_VR/ungrib/SST::2003-04-26_00
 Processing file /raid52/yycheng/MPAS/92-25km_VR/ungrib/SST::2003-04-27_00
 Processing file /raid52/yycheng/MPAS/92-25km_VR/ungrib/SST::2003-04-28_00
 Processing file /raid52/yycheng/MPAS/92-25km_VR/ungrib/SST::2003-04-29_00
 Processing file /raid52/yycheng/MPAS/92-25km_VR/ungrib/SST::2003-04-30_00
 Processing file /raid52/yycheng/MPAS/92-25km_VR/ungrib/SST::2003-05-01_00
 Processing file /raid52/yycheng/MPAS/92-25km_VR/ungrib/SST::2003-05-02_00
 Processing file /raid52/yycheng/MPAS/92-25km_VR/ungrib/SST::2003-05-03_00
 Processing file /raid52/yycheng/MPAS/92-25km_VR/ungrib/SST::2003-05-04_00
 Processing file /raid52/yycheng/MPAS/92-25km_VR/ungrib/SST::2003-05-05_00
 Processing file /raid52/yycheng/MPAS/92-25km_VR/ungrib/SST::2003-05-06_00
 Processing file /raid52/yycheng/MPAS/92-25km_VR/ungrib/SST::2003-05-07_00
 Processing file /raid52/yycheng/MPAS/92-25km_VR/ungrib/SST::2003-05-08_00
 Processing file /raid52/yycheng/MPAS/92-25km_VR/ungrib/SST::2003-05-09_00
 Processing file /raid52/yycheng/MPAS/92-25km_VR/ungrib/SST::2003-05-10_00
 Processing file /raid52/yycheng/MPAS/92-25km_VR/ungrib/SST::2003-05-11_00
 Processing file /raid52/yycheng/MPAS/92-25km_VR/ungrib/SST::2003-05-12_00
 Processing file /raid52/yycheng/MPAS/92-25km_VR/ungrib/SST::2003-05-13_00
 Processing file /raid52/yycheng/MPAS/92-25km_VR/ungrib/SST::2003-05-14_00
 Processing file /raid52/yycheng/MPAS/92-25km_VR/ungrib/SST::2003-05-15_00
 Processing file /raid52/yycheng/MPAS/92-25km_VR/ungrib/SST::2003-05-16_00
 Processing file /raid52/yycheng/MPAS/92-25km_VR/ungrib/SST::2003-05-17_00
 Processing file /raid52/yycheng/MPAS/92-25km_VR/ungrib/SST::2003-05-18_00
 Processing file /raid52/yycheng/MPAS/92-25km_VR/ungrib/SST::2003-05-19_00
 Processing file /raid52/yycheng/MPAS/92-25km_VR/ungrib/SST::2003-05-20_00
 Processing file /raid52/yycheng/MPAS/92-25km_VR/ungrib/SST::2003-05-21_00
 Processing file /raid52/yycheng/MPAS/92-25km_VR/ungrib/SST::2003-05-22_00
 Processing file /raid52/yycheng/MPAS/92-25km_VR/ungrib/SST::2003-05-23_00
 Processing file /raid52/yycheng/MPAS/92-25km_VR/ungrib/SST::2003-05-24_00
 Processing file /raid52/yycheng/MPAS/92-25km_VR/ungrib/SST::2003-05-25_00
 Processing file /raid52/yycheng/MPAS/92-25km_VR/ungrib/SST::2003-05-26_00
 Processing file /raid52/yycheng/MPAS/92-25km_VR/ungrib/SST::2003-05-27_00
 Processing file /raid52/yycheng/MPAS/92-25km_VR/ungrib/SST::2003-05-28_00
 Processing file /raid52/yycheng/MPAS/92-25km_VR/ungrib/SST::2003-05-29_00
 Processing file /raid52/yycheng/MPAS/92-25km_VR/ungrib/SST::2003-05-30_00
 Processing file /raid52/yycheng/MPAS/92-25km_VR/ungrib/SST::2003-05-31_00
 Processing file /raid52/yycheng/MPAS/92-25km_VR/ungrib/SST::2003-06-01_00
 Processing file /raid52/yycheng/MPAS/92-25km_VR/ungrib/SST::2003-06-02_00
 Processing file /raid52/yycheng/MPAS/92-25km_VR/ungrib/SST::2003-06-03_00
 Processing file /raid52/yycheng/MPAS/92-25km_VR/ungrib/SST::2003-06-04_00
 Processing file /raid52/yycheng/MPAS/92-25km_VR/ungrib/SST::2003-06-05_00
 Processing file /raid52/yycheng/MPAS/92-25km_VR/ungrib/SST::2003-06-06_00
 Processing file /raid52/yycheng/MPAS/92-25km_VR/ungrib/SST::2003-06-07_00
 Processing file /raid52/yycheng/MPAS/92-25km_VR/ungrib/SST::2003-06-08_00
 Processing file /raid52/yycheng/MPAS/92-25km_VR/ungrib/SST::2003-06-09_00
 Processing file /raid52/yycheng/MPAS/92-25km_VR/ungrib/SST::2003-06-10_00
 Processing file /raid52/yycheng/MPAS/92-25km_VR/ungrib/SST::2003-06-11_00
 Processing file /raid52/yycheng/MPAS/92-25km_VR/ungrib/SST::2003-06-12_00
 Processing file /raid52/yycheng/MPAS/92-25km_VR/ungrib/SST::2003-06-13_00
 Processing file /raid52/yycheng/MPAS/92-25km_VR/ungrib/SST::2003-06-14_00
 Processing file /raid52/yycheng/MPAS/92-25km_VR/ungrib/SST::2003-06-15_00
 Processing file /raid52/yycheng/MPAS/92-25km_VR/ungrib/SST::2003-06-16_00
 Processing file /raid52/yycheng/MPAS/92-25km_VR/ungrib/SST::2003-06-17_00
 Processing file /raid52/yycheng/MPAS/92-25km_VR/ungrib/SST::2003-06-18_00
 Processing file /raid52/yycheng/MPAS/92-25km_VR/ungrib/SST::2003-06-19_00
 Processing file /raid52/yycheng/MPAS/92-25km_VR/ungrib/SST::2003-06-20_00
 Processing file /raid52/yycheng/MPAS/92-25km_VR/ungrib/SST::2003-06-21_00
 Processing file /raid52/yycheng/MPAS/92-25km_VR/ungrib/SST::2003-06-22_00
 Processing file /raid52/yycheng/MPAS/92-25km_VR/ungrib/SST::2003-06-23_00
 Processing file /raid52/yycheng/MPAS/92-25km_VR/ungrib/SST::2003-06-24_00
 Processing file /raid52/yycheng/MPAS/92-25km_VR/ungrib/SST::2003-06-25_00
 Processing file /raid52/yycheng/MPAS/92-25km_VR/ungrib/SST::2003-06-26_00
 Processing file /raid52/yycheng/MPAS/92-25km_VR/ungrib/SST::2003-06-27_00
 Processing file /raid52/yycheng/MPAS/92-25km_VR/ungrib/SST::2003-06-28_00
 Processing file /raid52/yycheng/MPAS/92-25km_VR/ungrib/SST::2003-06-29_00
 Processing file /raid52/yycheng/MPAS/92-25km_VR/ungrib/SST::2003-06-30_00
 Processing file /raid52/yycheng/MPAS/92-25km_VR/ungrib/SST::2003-07-01_00
 Processing file /raid52/yycheng/MPAS/92-25km_VR/ungrib/SST::2003-07-02_00
 Processing file /raid52/yycheng/MPAS/92-25km_VR/ungrib/SST::2003-07-03_00
 Processing file /raid52/yycheng/MPAS/92-25km_VR/ungrib/SST::2003-07-04_00
 Processing file /raid52/yycheng/MPAS/92-25km_VR/ungrib/SST::2003-07-05_00
 Processing file /raid52/yycheng/MPAS/92-25km_VR/ungrib/SST::2003-07-06_00
 Processing file /raid52/yycheng/MPAS/92-25km_VR/ungrib/SST::2003-07-07_00
 Processing file /raid52/yycheng/MPAS/92-25km_VR/ungrib/SST::2003-07-08_00
 Processing file /raid52/yycheng/MPAS/92-25km_VR/ungrib/SST::2003-07-09_00
 Processing file /raid52/yycheng/MPAS/92-25km_VR/ungrib/SST::2003-07-10_00
 Processing file /raid52/yycheng/MPAS/92-25km_VR/ungrib/SST::2003-07-11_00
 Processing file /raid52/yycheng/MPAS/92-25km_VR/ungrib/SST::2003-07-12_00
 Processing file /raid52/yycheng/MPAS/92-25km_VR/ungrib/SST::2003-07-13_00
 Processing file /raid52/yycheng/MPAS/92-25km_VR/ungrib/SST::2003-07-14_00
 Processing file /raid52/yycheng/MPAS/92-25km_VR/ungrib/SST::2003-07-15_00
 Processing file /raid52/yycheng/MPAS/92-25km_VR/ungrib/SST::2003-07-16_00
 Processing file /raid52/yycheng/MPAS/92-25km_VR/ungrib/SST::2003-07-17_00
 Processing file /raid52/yycheng/MPAS/92-25km_VR/ungrib/SST::2003-07-18_00
 Processing file /raid52/yycheng/MPAS/92-25km_VR/ungrib/SST::2003-07-19_00
 Processing file /raid52/yycheng/MPAS/92-25km_VR/ungrib/SST::2003-07-20_00
 Processing file /raid52/yycheng/MPAS/92-25km_VR/ungrib/SST::2003-07-21_00
 Processing file /raid52/yycheng/MPAS/92-25km_VR/ungrib/SST::2003-07-22_00
 Processing file /raid52/yycheng/MPAS/92-25km_VR/ungrib/SST::2003-07-23_00
 Processing file /raid52/yycheng/MPAS/92-25km_VR/ungrib/SST::2003-07-24_00
 Processing file /raid52/yycheng/MPAS/92-25km_VR/ungrib/SST::2003-07-25_00
 Processing file /raid52/yycheng/MPAS/92-25km_VR/ungrib/SST::2003-07-26_00
 Processing file /raid52/yycheng/MPAS/92-25km_VR/ungrib/SST::2003-07-27_00
 Processing file /raid52/yycheng/MPAS/92-25km_VR/ungrib/SST::2003-07-28_00
 Processing file /raid52/yycheng/MPAS/92-25km_VR/ungrib/SST::2003-07-29_00
 Processing file /raid52/yycheng/MPAS/92-25km_VR/ungrib/SST::2003-07-30_00
 Processing file /raid52/yycheng/MPAS/92-25km_VR/ungrib/SST::2003-07-31_00
 Processing file /raid52/yycheng/MPAS/92-25km_VR/ungrib/SST::2003-08-01_00
 Processing file /raid52/yycheng/MPAS/92-25km_VR/ungrib/SST::2003-08-02_00
 Processing file /raid52/yycheng/MPAS/92-25km_VR/ungrib/SST::2003-08-03_00
 Processing file /raid52/yycheng/MPAS/92-25km_VR/ungrib/SST::2003-08-04_00
 Processing file /raid52/yycheng/MPAS/92-25km_VR/ungrib/SST::2003-08-05_00
 Processing file /raid52/yycheng/MPAS/92-25km_VR/ungrib/SST::2003-08-06_00
 Processing file /raid52/yycheng/MPAS/92-25km_VR/ungrib/SST::2003-08-07_00
 Processing file /raid52/yycheng/MPAS/92-25km_VR/ungrib/SST::2003-08-08_00
 Processing file /raid52/yycheng/MPAS/92-25km_VR/ungrib/SST::2003-08-09_00
 Processing file /raid52/yycheng/MPAS/92-25km_VR/ungrib/SST::2003-08-10_00
 Processing file /raid52/yycheng/MPAS/92-25km_VR/ungrib/SST::2003-08-11_00
 Processing file /raid52/yycheng/MPAS/92-25km_VR/ungrib/SST::2003-08-12_00
 Processing file /raid52/yycheng/MPAS/92-25km_VR/ungrib/SST::2003-08-13_00
 Processing file /raid52/yycheng/MPAS/92-25km_VR/ungrib/SST::2003-08-14_00
 Processing file /raid52/yycheng/MPAS/92-25km_VR/ungrib/SST::2003-08-15_00
 Processing file /raid52/yycheng/MPAS/92-25km_VR/ungrib/SST::2003-08-16_00
 Processing file /raid52/yycheng/MPAS/92-25km_VR/ungrib/SST::2003-08-17_00
 Processing file /raid52/yycheng/MPAS/92-25km_VR/ungrib/SST::2003-08-18_00
 Processing file /raid52/yycheng/MPAS/92-25km_VR/ungrib/SST::2003-08-19_00
 Processing file /raid52/yycheng/MPAS/92-25km_VR/ungrib/SST::2003-08-20_00
 Processing file /raid52/yycheng/MPAS/92-25km_VR/ungrib/SST::2003-08-21_00
 Processing file /raid52/yycheng/MPAS/92-25km_VR/ungrib/SST::2003-08-22_00
 Processing file /raid52/yycheng/MPAS/92-25km_VR/ungrib/SST::2003-08-23_00
 Processing file /raid52/yycheng/MPAS/92-25km_VR/ungrib/SST::2003-08-24_00
 Processing file /raid52/yycheng/MPAS/92-25km_VR/ungrib/SST::2003-08-25_00
 Processing file /raid52/yycheng/MPAS/92-25km_VR/ungrib/SST::2003-08-26_00
 Processing file /raid52/yycheng/MPAS/92-25km_VR/ungrib/SST::2003-08-27_00
 Processing file /raid52/yycheng/MPAS/92-25km_VR/ungrib/SST::2003-08-28_00
 Processing file /raid52/yycheng/MPAS/92-25km_VR/ungrib/SST::2003-08-29_00
 Processing file /raid52/yycheng/MPAS/92-25km_VR/ungrib/SST::2003-08-30_00
 Processing file /raid52/yycheng/MPAS/92-25km_VR/ungrib/SST::2003-08-31_00
 
 ********************************************************
    Finished running the init_atmosphere core
 ********************************************************
 
 
  Timer information:
     Globals are computed across all threads and processors
 
  Columns:
     total time: Global max of accumulated time spent in timer
     calls: Total number of times this timer was started / stopped.
     min: Global min of time spent in a single start / stop
     max: Global max of time spent in a single start / stop
     avg: Global max of average time spent in a single start / stop
     pct_tot: Percent of the timer at level 1
     pct_par: Percent of the parent timer (one level up)
     par_eff: Parallel efficiency, global average total time / global max total time
 
 
    timer_name                                            total       calls        min            max            avg      pct_tot   pct_par     par_eff
  1 total time                                         185.05606         1      185.05133      185.05606      185.05265   100.00       0.00       1.00
  2  initialize                                          7.10036         1        7.07943        7.10036        7.09160     3.84       3.84       1.00
 
 -----------------------------------------
 Total log messages printed:
    Output messages =                  261
    Warning messages =                   0
    Error messages =                     0
    Critical error messages =            0
 -----------------------------------------
 Logging complete.  Closing file at 2020/11/12 06:20:29
